# Pinning experiments to CPU core 2

# Results for N = 1024, B = 32

matmul_naive_1024.c:27:27: optimized: loop vectorized using 32 byte vectors
# Naive results (-O0)
Naive matrix multiplication time: 3.862815 seconds
Ignore: C[0][0] = 255.670366

 Performance counter stats for './naive_1024_O0':

     <not counted>      cpu_atom/cache-references/                                              (0.00%)
     1,081,318,401      cpu_core/cache-references/                                            
     <not counted>      cpu_atom/cache-misses/                                                  (0.00%)
        13,369,903      cpu_core/cache-misses/           #    1.24% of all cache refs         

       3.899831474 seconds time elapsed

       3.886231000 seconds user
       0.012997000 seconds sys


# Naive results (-O3)
Naive matrix multiplication time: 0.714978 seconds
Ignore: C[0][0] = 255.670366

 Performance counter stats for './naive_1024_O3':

     <not counted>      cpu_atom/cache-references/                                              (0.00%)
       272,781,344      cpu_core/cache-references/                                            
     <not counted>      cpu_atom/cache-misses/                                                  (0.00%)
        11,283,482      cpu_core/cache-misses/           #    4.14% of all cache refs         

       0.752094591 seconds time elapsed

       0.741943000 seconds user
       0.009985000 seconds sys


# Blocking results (-O0)
Blocked matrix multiplication time: 2.292165 seconds
Ignore: C[0][0] = 255.670366

 Performance counter stats for './blocking_1024_O0':

     <not counted>      cpu_atom/cache-references/                                              (0.00%)
        32,605,237      cpu_core/cache-references/                                            
     <not counted>      cpu_atom/cache-misses/                                                  (0.00%)
         3,124,696      cpu_core/cache-misses/           #    9.58% of all cache refs         

       2.329551601 seconds time elapsed

       2.321134000 seconds user
       0.008000000 seconds sys


# Blocking results (-O3)
Blocked matrix multiplication time: 0.656147 seconds
Ignore: C[0][0] = 255.670366

 Performance counter stats for './blocking_1024_O3':

     <not counted>      cpu_atom/cache-references/                                              (0.00%)
        32,315,885      cpu_core/cache-references/                                            
     <not counted>      cpu_atom/cache-misses/                                                  (0.00%)
         3,117,331      cpu_core/cache-misses/           #    9.65% of all cache refs         

       0.694313931 seconds time elapsed

       0.689078000 seconds user
       0.005000000 seconds sys



# Results for N = 2048, B = 32

matmul_naive_2048.c:29:27: optimized: loop vectorized using 32 byte vectors
# Naive results (-O0)
Naive matrix multiplication time: 61.437694 seconds
Ignore: C[0][0] = 519.572357

 Performance counter stats for './naive_2048_O0':

     <not counted>      cpu_atom/cache-references/                                              (0.00%)
     8,683,770,089      cpu_core/cache-references/                                            
     <not counted>      cpu_atom/cache-misses/                                                  (0.00%)
     2,106,904,171      cpu_core/cache-misses/           #   24.26% of all cache refs         

      61.560231616 seconds time elapsed

      61.486260000 seconds user
       0.064990000 seconds sys


# Naive results (-O3)
Naive matrix multiplication time: 18.517907 seconds
Ignore: C[0][0] = 519.572357

 Performance counter stats for './naive_2048_O3':

     <not counted>      cpu_atom/cache-references/                                              (0.00%)
     2,194,427,717      cpu_core/cache-references/                                            
     <not counted>      cpu_atom/cache-misses/                                                  (0.00%)
     1,475,503,650      cpu_core/cache-misses/           #   67.24% of all cache refs         

      18.640583988 seconds time elapsed

      18.565909000 seconds user
       0.071991000 seconds sys


# Blocking results (-O0)
Blocked matrix multiplication time: 21.584916 seconds
Ignore: C[0][0] = 519.572357

 Performance counter stats for './blocking_2048_O0':

     <not counted>      cpu_atom/cache-references/                                              (0.00%)
       262,832,728      cpu_core/cache-references/                                            
     <not counted>      cpu_atom/cache-misses/                                                  (0.00%)
        59,249,753      cpu_core/cache-misses/           #   22.54% of all cache refs         

      21.708022634 seconds time elapsed

      21.674155000 seconds user
       0.030995000 seconds sys


# Blocking results (-O3)
Blocked matrix multiplication time: 6.404141 seconds
Ignore: C[0][0] = 519.572357

 Performance counter stats for './blocking_2048_O3':

     <not counted>      cpu_atom/cache-references/                                              (0.00%)
       260,588,146      cpu_core/cache-references/                                            
     <not counted>      cpu_atom/cache-misses/                                                  (0.00%)
        57,530,376      cpu_core/cache-misses/           #   22.08% of all cache refs         

       6.527085987 seconds time elapsed

       6.482105000 seconds user
       0.043993000 seconds sys



# Results for N = 4096, B = 32

matmul_naive_4096.c:29:27: optimized: loop vectorized using 32 byte vectors
# Naive results (-O0)
Naive matrix multiplication time: 919.197578 seconds
Ignore: C[0][0] = 1042.708464

 Performance counter stats for './naive_4096_O0':

     <not counted>      cpu_atom/cache-references/                                              (0.00%)
    70,272,068,314      cpu_core/cache-references/                                            
     <not counted>      cpu_atom/cache-misses/                                                  (0.00%)
    58,513,199,727      cpu_core/cache-misses/           #   83.27% of all cache refs         

     919.726497142 seconds time elapsed

     919.386442000 seconds user
       0.214970000 seconds sys


# Naive results (-O3)
Naive matrix multiplication time: 198.661091 seconds
Ignore: C[0][0] = 1042.708464

 Performance counter stats for './naive_4096_O3':

     <not counted>      cpu_atom/cache-references/                                              (0.00%)
    17,691,364,451      cpu_core/cache-references/                                            
     <not counted>      cpu_atom/cache-misses/                                                  (0.00%)
    16,167,869,306      cpu_core/cache-misses/           #   91.39% of all cache refs         

     199.171278270 seconds time elapsed

     198.944449000 seconds user
       0.200974000 seconds sys


# Blocking results (-O0)
Blocked matrix multiplication time: 174.672317 seconds
Ignore: C[0][0] = 1042.708464

 Performance counter stats for './blocking_4096_O0':

     <not counted>      cpu_atom/cache-references/                                              (0.00%)
     2,252,604,827      cpu_core/cache-references/                                            
     <not counted>      cpu_atom/cache-misses/                                                  (0.00%)
       857,116,397      cpu_core/cache-misses/           #   38.05% of all cache refs         

     175.195826430 seconds time elapsed

     175.062281000 seconds user
       0.111986000 seconds sys


# Blocking results (-O3)
Blocked matrix multiplication time: 54.848060 seconds
Ignore: C[0][0] = 1042.708464

 Performance counter stats for './blocking_4096_O3':

     <not counted>      cpu_atom/cache-references/                                              (0.00%)
     2,240,220,388      cpu_core/cache-references/                                            
     <not counted>      cpu_atom/cache-misses/                                                  (0.00%)
       864,566,909      cpu_core/cache-misses/           #   38.59% of all cache refs         

      55.369420037 seconds time elapsed

      55.220933000 seconds user
       0.141981000 seconds sys



# Results for N = 8192, B = 32

matmul_naive_8192.c:29:27: optimized: loop vectorized using 32 byte vectors
# Naive results (-O0)
Naive matrix multiplication time: 8110.565782 seconds
Ignore: C[0][0] = 2073.767056

 Performance counter stats for './naive_8192_O0':

     <not counted>      cpu_atom/cache-references/                                              (0.00%)
   911,973,409,383      cpu_core/cache-references/                                            
     <not counted>      cpu_atom/cache-misses/                                                  (0.00%)
   507,198,963,970      cpu_core/cache-misses/           #   55.62% of all cache refs         

    8112.562856661 seconds time elapsed

    8110.898186000 seconds user
       0.798914000 seconds sys


# Naive results (-O3)
Naive matrix multiplication time: 1717.177217 seconds
Ignore: C[0][0] = 2073.767056

 Performance counter stats for './naive_8192_O3':

     <not counted>      cpu_atom/cache-references/                                              (0.00%)
   189,511,046,438      cpu_core/cache-references/                                            
     <not counted>      cpu_atom/cache-misses/                                                  (0.00%)
   134,639,291,992      cpu_core/cache-misses/           #   71.05% of all cache refs         

    1719.135646977 seconds time elapsed

    1718.117717000 seconds user
       0.800898000 seconds sys


# Blocking results (-O0)
Blocked matrix multiplication time: 1728.373570 seconds
Ignore: C[0][0] = 2073.767056

 Performance counter stats for './blocking_8192_O0':

     <not counted>      cpu_atom/cache-references/                                              (0.00%)
   175,805,321,759      cpu_core/cache-references/                                            
     <not counted>      cpu_atom/cache-misses/                                                  (0.00%)
    13,773,158,348      cpu_core/cache-misses/           #    7.83% of all cache refs         

    1730.358936508 seconds time elapsed

    1728.830850000 seconds user
       0.487865000 seconds sys


# Blocking results (-O3)
Blocked matrix multiplication time: 439.086821 seconds
Ignore: C[0][0] = 2073.767056

 Performance counter stats for './blocking_8192_O3':

     <not counted>      cpu_atom/cache-references/                                              (0.00%)
    28,904,861,144      cpu_core/cache-references/                                            
     <not counted>      cpu_atom/cache-misses/                                                  (0.00%)
     9,418,965,192      cpu_core/cache-misses/           #   32.59% of all cache refs         

     441.065079658 seconds time elapsed

     440.506422000 seconds user
       0.501935000 seconds sys






